d2_ee_dddd_AA_xx.ey
d2_ee_dddd_AA_xy.ey
d2_ee_dddd_AA_xz.ey
d2_ee_dddd_AA_yx.ey
d2_ee_dddd_AA_yy.ey
d2_ee_dddd_AA_yz.ey
d2_ee_dddd_AA_zx.ey
d2_ee_dddd_AA_zy.ey
d2_ee_dddd_AA_zz.ey
d2_ee_dddd_AB_xx.ey
d2_ee_dddd_AB_xy.ey
d2_ee_dddd_AB_xz.ey
d2_ee_dddd_AB_yx.ey
d2_ee_dddd_AB_yy.ey
d2_ee_dddd_AB_yz.ey
d2_ee_dddd_AB_zx.ey
d2_ee_dddd_AB_zy.ey
d2_ee_dddd_AB_zz.ey
d2_ee_dddd_AC_xx.ey
d2_ee_dddd_AC_xy.ey
d2_ee_dddd_AC_xz.ey
d2_ee_dddd_AC_yx.ey
d2_ee_dddd_AC_yy.ey
d2_ee_dddd_AC_yz.ey
d2_ee_dddd_AC_zx.ey
d2_ee_dddd_AC_zy.ey
d2_ee_dddd_AC_zz.ey
d2_ee_ddpd_AA_xx.ey
d2_ee_ddpd_AA_xy.ey
d2_ee_ddpd_AA_xz.ey
d2_ee_ddpd_AA_yx.ey
d2_ee_ddpd_AA_yy.ey
d2_ee_ddpd_AA_yz.ey
d2_ee_ddpd_AA_zx.ey
d2_ee_ddpd_AA_zy.ey
d2_ee_ddpd_AA_zz.ey
d2_ee_ddpd_AB_xx.ey
d2_ee_ddpd_AB_xy.ey
d2_ee_ddpd_AB_xz.ey
d2_ee_ddpd_AB_yx.ey
d2_ee_ddpd_AB_yy.ey
d2_ee_ddpd_AB_yz.ey
d2_ee_ddpd_AB_zx.ey
d2_ee_ddpd_AB_zy.ey
d2_ee_ddpd_AB_zz.ey
d2_ee_ddpp_AA_xx.ey
d2_ee_ddpp_AA_xy.ey
d2_ee_ddpp_AA_xz.ey
d2_ee_ddpp_AA_yx.ey
d2_ee_ddpp_AA_yy.ey
d2_ee_ddpp_AA_yz.ey
d2_ee_ddpp_AA_zx.ey
d2_ee_ddpp_AA_zy.ey
d2_ee_ddpp_AA_zz.ey
d2_ee_ddpp_AB_xx.ey
d2_ee_ddpp_AB_xy.ey
d2_ee_ddpp_AB_xz.ey
d2_ee_ddpp_AB_yx.ey
d2_ee_ddpp_AB_yy.ey
d2_ee_ddpp_AB_yz.ey
d2_ee_ddpp_AB_zx.ey
d2_ee_ddpp_AB_zy.ey
d2_ee_ddpp_AB_zz.ey
d2_ee_ddps_AA.ey
d2_ee_ddps_AB.ey
d2_ee_ddsd_AA_xx.ey
d2_ee_ddsd_AA_xy.ey
d2_ee_ddsd_AA_xz.ey
d2_ee_ddsd_AA_yx.ey
d2_ee_ddsd_AA_yy.ey
d2_ee_ddsd_AA_yz.ey
d2_ee_ddsd_AA_zx.ey
d2_ee_ddsd_AA_zy.ey
d2_ee_ddsd_AA_zz.ey
d2_ee_ddsd_AB_xx.ey
d2_ee_ddsd_AB_xy.ey
d2_ee_ddsd_AB_xz.ey
d2_ee_ddsd_AB_yx.ey
d2_ee_ddsd_AB_yy.ey
d2_ee_ddsd_AB_yz.ey
d2_ee_ddsd_AB_zx.ey
d2_ee_ddsd_AB_zy.ey
d2_ee_ddsd_AB_zz.ey
d2_ee_ddss_AA.ey
d2_ee_ddss_AB.ey
d2_ee_dpdd_AA_xx.ey
d2_ee_dpdd_AA_xy.ey
d2_ee_dpdd_AA_xz.ey
d2_ee_dpdd_AA_yx.ey
d2_ee_dpdd_AA_yy.ey
d2_ee_dpdd_AA_yz.ey
d2_ee_dpdd_AA_zx.ey
d2_ee_dpdd_AA_zy.ey
d2_ee_dpdd_AA_zz.ey
d2_ee_dpdd_AC_xx.ey
d2_ee_dpdd_AC_xy.ey
d2_ee_dpdd_AC_xz.ey
d2_ee_dpdd_AC_yx.ey
d2_ee_dpdd_AC_yy.ey
d2_ee_dpdd_AC_yz.ey
d2_ee_dpdd_AC_zx.ey
d2_ee_dpdd_AC_zy.ey
d2_ee_dpdd_AC_zz.ey
d2_ee_dpdp_AC_xx.ey
d2_ee_dpdp_AC_xy.ey
d2_ee_dpdp_AC_xz.ey
d2_ee_dpdp_AC_yx.ey
d2_ee_dpdp_AC_yy.ey
d2_ee_dpdp_AC_yz.ey
d2_ee_dpdp_AC_zx.ey
d2_ee_dpdp_AC_zy.ey
d2_ee_dpdp_AC_zz.ey
d2_ee_dpds_AC.ey
d2_ee_dppd_AA_xx.ey
d2_ee_dppd_AA_xy.ey
d2_ee_dppd_AA_xz.ey
d2_ee_dppd_AA_yx.ey
d2_ee_dppd_AA_yy.ey
d2_ee_dppd_AA_yz.ey
d2_ee_dppd_AA_zx.ey
d2_ee_dppd_AA_zy.ey
d2_ee_dppd_AA_zz.ey
d2_ee_dppp_AA.ey
d2_ee_dpps_AA.ey
d2_ee_dpsd_AA.ey
d2_ee_dpss_AA.ey
d2_ee_dsdd_AA_xx.ey
d2_ee_dsdd_AA_xy.ey
d2_ee_dsdd_AA_xz.ey
d2_ee_dsdd_AA_yx.ey
d2_ee_dsdd_AA_yy.ey
d2_ee_dsdd_AA_yz.ey
d2_ee_dsdd_AA_zx.ey
d2_ee_dsdd_AA_zy.ey
d2_ee_dsdd_AA_zz.ey
d2_ee_dsdd_AC_xx.ey
d2_ee_dsdd_AC_xy.ey
d2_ee_dsdd_AC_xz.ey
d2_ee_dsdd_AC_yx.ey
d2_ee_dsdd_AC_yy.ey
d2_ee_dsdd_AC_yz.ey
d2_ee_dsdd_AC_zx.ey
d2_ee_dsdd_AC_zy.ey
d2_ee_dsdd_AC_zz.ey
d2_ee_dsds_AC.ey
d2_ee_dspd_AA.ey
d2_ee_dspp_AA.ey
d2_ee_dsps_AA.ey
d2_ee_dssd_AA.ey
d2_ee_dsss_AA.ey
d2_ee_pddd_AA_xx.ey
d2_ee_pddd_AA_xy.ey
d2_ee_pddd_AA_xz.ey
d2_ee_pddd_AA_yx.ey
d2_ee_pddd_AA_yy.ey
d2_ee_pddd_AA_yz.ey
d2_ee_pddd_AA_zx.ey
d2_ee_pddd_AA_zy.ey
d2_ee_pddd_AA_zz.ey
d2_ee_pddd_AB_xx.ey
d2_ee_pddd_AB_xy.ey
d2_ee_pddd_AB_xz.ey
d2_ee_pddd_AB_yx.ey
d2_ee_pddd_AB_yy.ey
d2_ee_pddd_AB_yz.ey
d2_ee_pddd_AB_zx.ey
d2_ee_pddd_AB_zy.ey
d2_ee_pddd_AB_zz.ey
d2_ee_pddd_AC_xx.ey
d2_ee_pddd_AC_xy.ey
d2_ee_pddd_AC_xz.ey
d2_ee_pddd_AC_yx.ey
d2_ee_pddd_AC_yy.ey
d2_ee_pddd_AC_yz.ey
d2_ee_pddd_AC_zx.ey
d2_ee_pddd_AC_zy.ey
d2_ee_pddd_AC_zz.ey
d2_ee_pddp_AC_xx.ey
d2_ee_pddp_AC_xy.ey
d2_ee_pddp_AC_xz.ey
d2_ee_pddp_AC_yx.ey
d2_ee_pddp_AC_yy.ey
d2_ee_pddp_AC_yz.ey
d2_ee_pddp_AC_zx.ey
d2_ee_pddp_AC_zy.ey
d2_ee_pddp_AC_zz.ey
d2_ee_pdds_AC.ey
d2_ee_pdpd_AA_xx.ey
d2_ee_pdpd_AA_xy.ey
d2_ee_pdpd_AA_xz.ey
d2_ee_pdpd_AA_yx.ey
d2_ee_pdpd_AA_yy.ey
d2_ee_pdpd_AA_yz.ey
d2_ee_pdpd_AA_zx.ey
d2_ee_pdpd_AA_zy.ey
d2_ee_pdpd_AA_zz.ey
d2_ee_pdpd_AB_xx.ey
d2_ee_pdpd_AB_xy.ey
d2_ee_pdpd_AB_xz.ey
d2_ee_pdpd_AB_yx.ey
d2_ee_pdpd_AB_yy.ey
d2_ee_pdpd_AB_yz.ey
d2_ee_pdpd_AB_zx.ey
d2_ee_pdpd_AB_zy.ey
d2_ee_pdpd_AB_zz.ey
d2_ee_pdpd_AC_xx.ey
d2_ee_pdpd_AC_xy.ey
d2_ee_pdpd_AC_xz.ey
d2_ee_pdpd_AC_yx.ey
d2_ee_pdpd_AC_yy.ey
d2_ee_pdpd_AC_yz.ey
d2_ee_pdpd_AC_zx.ey
d2_ee_pdpd_AC_zy.ey
d2_ee_pdpd_AC_zz.ey
d2_ee_pdpp_AA.ey
d2_ee_pdpp_AB.ey
d2_ee_pdps_AA.ey
d2_ee_pdps_AB.ey
d2_ee_pdsd_AA.ey
d2_ee_pdsd_AB.ey
d2_ee_pdsd_AC.ey
d2_ee_pdsp_AC.ey
d2_ee_pdss_AA.ey
d2_ee_pdss_AB.ey
d2_ee_pdss_AC.ey
d2_ee_ppdd_AA_xx.ey
d2_ee_ppdd_AA_xy.ey
d2_ee_ppdd_AA_xz.ey
d2_ee_ppdd_AA_yx.ey
d2_ee_ppdd_AA_yy.ey
d2_ee_ppdd_AA_yz.ey
d2_ee_ppdd_AA_zx.ey
d2_ee_ppdd_AA_zy.ey
d2_ee_ppdd_AA_zz.ey
d2_ee_ppdd_AB_xx.ey
d2_ee_ppdd_AB_xy.ey
d2_ee_ppdd_AB_xz.ey
d2_ee_ppdd_AB_yx.ey
d2_ee_ppdd_AB_yy.ey
d2_ee_ppdd_AB_yz.ey
d2_ee_ppdd_AB_zx.ey
d2_ee_ppdd_AB_zy.ey
d2_ee_ppdd_AB_zz.ey
d2_ee_ppdd_AC_xx.ey
d2_ee_ppdd_AC_xy.ey
d2_ee_ppdd_AC_xz.ey
d2_ee_ppdd_AC_yx.ey
d2_ee_ppdd_AC_yy.ey
d2_ee_ppdd_AC_yz.ey
d2_ee_ppdd_AC_zx.ey
d2_ee_ppdd_AC_zy.ey
d2_ee_ppdd_AC_zz.ey
d2_ee_ppdp_AC.ey
d2_ee_ppds_AC.ey
d2_ee_pppd_AA.ey
d2_ee_pppd_AB.ey
d2_ee_pppd_AC.ey
d2_ee_pppp_AA.ey
d2_ee_pppp_AB.ey
d2_ee_pppp_AC.ey
d2_ee_ppps_AA.ey
d2_ee_ppps_AB.ey
d2_ee_ppps_AC.ey
d2_ee_ppsd_AA.ey
d2_ee_ppsd_AB.ey
d2_ee_ppsd_AC.ey
d2_ee_ppsp_AC.ey
d2_ee_ppss_AA.ey
d2_ee_ppss_AB.ey
d2_ee_ppss_AC.ey
d2_ee_psdd_AA.ey
d2_ee_psdd_AB.ey
d2_ee_psdd_AC.ey
d2_ee_psdp_AC.ey
d2_ee_psds_AC.ey
d2_ee_pspd_AA.ey
d2_ee_pspd_AB.ey
d2_ee_pspd_AC.ey
d2_ee_pspp_AA.ey
d2_ee_pspp_AB.ey
d2_ee_psps_AA.ey
d2_ee_psps_AB.ey
d2_ee_psps_AC.ey
d2_ee_pssd_AA.ey
d2_ee_pssd_AB.ey
d2_ee_pssd_AC.ey
d2_ee_pssp_AC.ey
d2_ee_psss_AA.ey
d2_ee_psss_AB.ey
d2_ee_psss_AC.ey
d2_ee_sddd_AA_xx.ey
d2_ee_sddd_AA_xy.ey
d2_ee_sddd_AA_xz.ey
d2_ee_sddd_AA_yx.ey
d2_ee_sddd_AA_yy.ey
d2_ee_sddd_AA_yz.ey
d2_ee_sddd_AA_zx.ey
d2_ee_sddd_AA_zy.ey
d2_ee_sddd_AA_zz.ey
d2_ee_sddd_AB_xx.ey
d2_ee_sddd_AB_xy.ey
d2_ee_sddd_AB_xz.ey
d2_ee_sddd_AB_yx.ey
d2_ee_sddd_AB_yy.ey
d2_ee_sddd_AB_yz.ey
d2_ee_sddd_AB_zx.ey
d2_ee_sddd_AB_zy.ey
d2_ee_sddd_AB_zz.ey
d2_ee_sddd_AC_xx.ey
d2_ee_sddd_AC_xy.ey
d2_ee_sddd_AC_xz.ey
d2_ee_sddd_AC_yx.ey
d2_ee_sddd_AC_yy.ey
d2_ee_sddd_AC_yz.ey
d2_ee_sddd_AC_zx.ey
d2_ee_sddd_AC_zy.ey
d2_ee_sddd_AC_zz.ey
d2_ee_sddp_AC.ey
d2_ee_sdds_AC.ey
d2_ee_sdpd_AA.ey
d2_ee_sdpd_AB.ey
d2_ee_sdpp_AA.ey
d2_ee_sdpp_AB.ey
d2_ee_sdps_AA.ey
d2_ee_sdps_AB.ey
d2_ee_sdsd_AA.ey
d2_ee_sdsd_AB.ey
d2_ee_sdsd_AC.ey
d2_ee_sdss_AA.ey
d2_ee_sdss_AB.ey
d2_ee_spdd_AA.ey
d2_ee_spdd_AC.ey
d2_ee_spdp_AC.ey
d2_ee_spds_AC.ey
d2_ee_sppd_AA.ey
d2_ee_sppp_AA.ey
d2_ee_spps_AA.ey
d2_ee_spsd_AA.ey
d2_ee_spsd_AC.ey
d2_ee_spsp_AC.ey
d2_ee_spss_AA.ey
d2_ee_spss_AC.ey
d2_ee_ssdd_AA.ey
d2_ee_ssdd_AB.ey
d2_ee_ssdd_AC.ey
d2_ee_ssdp_AC.ey
d2_ee_ssds_AC.ey
d2_ee_sspd_AA.ey
d2_ee_sspd_AB.ey
d2_ee_sspp_AA.ey
d2_ee_sspp_AB.ey
d2_ee_ssps_AA.ey
d2_ee_ssps_AB.ey
d2_ee_sssd_AA.ey
d2_ee_sssd_AB.ey
d2_ee_sssd_AC.ey
d2_ee_ssss_AA.ey
d2_ee_ssss_AB.ey
d2_ee_ssss_AC.ey
