d2_ee_dddd_AA_xx.ey
d2_ee_dddd_AB_xx.ey
d2_ee_dddd_AC_xx.ey
d2_ee_ddpd_AA_xx.ey
d2_ee_ddpd_AB_xx.ey
d2_ee_ddpp_AA_xx.ey
d2_ee_ddpp_AB_xx.ey
d2_ee_ddsd_AA_xx.ey
d2_ee_ddsd_AB_xx.ey
d2_ee_dpdd_AA_xx.ey
d2_ee_dpdd_AC_xx.ey
d2_ee_dpdp_AC_xx.ey
d2_ee_dppd_AA_xx.ey
d2_ee_dsdd_AA_xx.ey
d2_ee_dsdd_AC_xx.ey
d2_ee_pddd_AA_xx.ey
d2_ee_pddd_AB_xx.ey
d2_ee_pddd_AC_xx.ey
d2_ee_pddp_AC_xx.ey
d2_ee_pdpd_AA_xx.ey
d2_ee_pdpd_AB_xx.ey
d2_ee_pdpd_AC_xx.ey
d2_ee_ppdd_AA_xx.ey
d2_ee_ppdd_AB_xx.ey
d2_ee_ppdd_AC_xx.ey
d2_ee_sddd_AA_xx.ey
d2_ee_sddd_AB_xx.ey
d2_ee_sddd_AC_xx.ey
